<?xml version="1.0" encoding="UTF-8"?>
<testng-results ignored="0" total="1" passed="1" failed="0" skipped="0">
  <reporter-output>
  </reporter-output>
  <suite started-at="2025-06-17T21:35:38 EDT" name="Default suite" finished-at="2025-06-17T21:35:44 EDT" duration-ms="6168">
    <groups>
    </groups>
    <test started-at="2025-06-17T21:35:38 EDT" name="Default test" finished-at="2025-06-17T21:35:44 EDT" duration-ms="6168">
      <class name="testcases.ContactTest">
        <test-method is-config="true" signature="myinit()[pri:0, instance:testcases.ContactTest@4550bb58]" started-at="2025-06-17T21:35:38 EDT" name="myinit" finished-at="2025-06-17T21:35:42 EDT" duration-ms="3387" status="PASS">
          <reporter-output>
          </reporter-output>
        </test-method> <!-- myinit -->
        <test-method signature="newContactTestClick()[pri:0, instance:testcases.ContactTest@4550bb58]" started-at="2025-06-17T21:35:42 EDT" name="newContactTestClick" finished-at="2025-06-17T21:35:44 EDT" duration-ms="2497" status="PASS">
          <reporter-output>
          </reporter-output>
        </test-method> <!-- newContactTestClick -->
        <test-method is-config="true" signature="endTest()[pri:0, instance:testcases.ContactTest@4550bb58]" started-at="2025-06-17T21:35:44 EDT" name="endTest" finished-at="2025-06-17T21:35:44 EDT" duration-ms="229" status="PASS">
          <reporter-output>
          </reporter-output>
        </test-method> <!-- endTest -->
      </class> <!-- testcases.ContactTest -->
    </test> <!-- Default test -->
  </suite> <!-- Default suite -->
</testng-results>
